
Wed, 09 Mar 2022 18:37:29: 
test.c: In function 'suma':
test.c:250:5: error: 'main' is normally a non-static function [-Werror=main]
  250 | int main( int argc, char *argv[] ) {
      |     ^~~~
test.c:272:1: error: expected declaration or statement at end of input
  272 | }
      | ^
At top level:
test.c:250:5: error: 'main' defined but not used [-Werror=unused-function]
  250 | int main( int argc, char *argv[] ) {
      |     ^~~~
test.c:8:8: error: '_strdup' defined but not used [-Werror=unused-function]
    8 | char * _strdup(const char * str) {
      |        ^~~~~~~
In file included from test.c:5:
exercises.c:20:5: error: 'sumaN' defined but not used [-Werror=unused-function]
   20 | int sumaN(int a[], int N) {
      |     ^~~~~
cc1.exe: all warnings being treated as errors
Compilation failed
7305894
Sun, 13 Mar 2022 13:44:00: 
 exercises.c | 3 +++
 1 file changed, 3 insertions(+)
In file included from test.c:5:
exercises.c: In function 'suma':
exercises.c:16:11: error: 'return' with a value, in function returning void [-Werror=return-type]
   16 |    return *c;
      |           ^~
exercises.c:14:6: note: declared here
   14 | void suma(int a, int b, int * c) {
      |      ^~~~
test.c: At top level:
test.c:8:8: error: '_strdup' redeclared without dllimport attribute: previous dllimport ignored [-Werror=attributes]
    8 | char * _strdup(const char * str) {
      |        ^~~~~~~
cc1.exe: all warnings being treated as errors
Compilation failed
7c72ab8
Sun, 13 Mar 2022 13:44:30: 
In file included from test.c:5:
exercises.c: In function 'suma':
exercises.c:16:11: error: 'return' with a value, in function returning void [-Werror=return-type]
   16 |    return *c;
      |           ^~
exercises.c:14:6: note: declared here
   14 | void suma(int a, int b, int * c) {
      |      ^~~~
test.c: At top level:
test.c:8:8: error: '_strdup' redeclared without dllimport attribute: previous dllimport ignored [-Werror=attributes]
    8 | char * _strdup(const char * str) {
      |        ^~~~~~~
cc1.exe: all warnings being treated as errors
Compilation failed
d9e6b0f
Sun, 13 Mar 2022 14:02:38: 
In file included from test.c:5:
exercises.c: In function 'suma':
exercises.c:16:11: error: 'return' with a value, in function returning void [-Werror=return-type]
   16 |    return *c;
      |           ^~
exercises.c:14:6: note: declared here
   14 | void suma(int a, int b, int * c) {
      |      ^~~~
test.c: At top level:
test.c:8:8: error: '_strdup' redeclared without dllimport attribute: previous dllimport ignored [-Werror=attributes]
    8 | char * _strdup(const char * str) {
      |        ^~~~~~~
cc1.exe: all warnings being treated as errors
Compilation failed
d4b9324
Sun, 13 Mar 2022 14:03:02: 
 exercises.c | 19 ++++++++++++++-----
 1 file changed, 14 insertions(+), 5 deletions(-)
In file included from test.c:5:
exercises.c: In function 'sumaNultimos':
exercises.c:43:13: error: passing argument 1 of 'sumaN' makes pointer from integer without a cast [-Werror=int-conversion]
   43 |       sumaN(*a, m);
      |             ^~
      |             |
      |             int
exercises.c:22:15: note: expected 'int *' but argument is of type 'int'
   22 | int sumaN(int a[], int N) {
      |           ~~~~^~~
exercises.c: In function 'crearVector':
exercises.c:84:28: error: too few arguments to function 'calloc'
   84 |    vector->datos = (int *) calloc (n * sizeof(int));
      |                            ^~~~~~
In file included from test.c:2:
C:/msys64/mingw64/x86_64-w64-mingw32/include/stdlib.h:535:17: note: declared here
  535 |   void *__cdecl calloc(size_t _NumOfElements,size_t _SizeOfElements);
      |                 ^~~~~~
test.c: At top level:
test.c:8:8: error: '_strdup' redeclared without dllimport attribute: previous dllimport ignored [-Werror=attributes]
    8 | char * _strdup(const char * str) {
      |        ^~~~~~~
cc1.exe: all warnings being treated as errors
Compilation failed
327ed1d
Sun, 13 Mar 2022 14:04:04: 
 exercises.c | 7 +------
 1 file changed, 1 insertion(+), 6 deletions(-)
In file included from test.c:5:
exercises.c: In function 'crearVector':
exercises.c:79:28: error: too few arguments to function 'calloc'
   79 |    vector->datos = (int *) calloc (n * sizeof(int));
      |                            ^~~~~~
In file included from test.c:2:
C:/msys64/mingw64/x86_64-w64-mingw32/include/stdlib.h:535:17: note: declared here
  535 |   void *__cdecl calloc(size_t _NumOfElements,size_t _SizeOfElements);
      |                 ^~~~~~
test.c: At top level:
test.c:8:8: error: '_strdup' redeclared without dllimport attribute: previous dllimport ignored [-Werror=attributes]
    8 | char * _strdup(const char * str) {
      |        ^~~~~~~
test.c: In function 'test_suma_n':
test.c:97:5: error: implicit declaration of function 'sumaNultimos' [-Werror=implicit-function-declaration]
   97 |     sumaNultimos(a, 10, m, res);
      |     ^~~~~~~~~~~~
cc1.exe: all warnings being treated as errors
Compilation failed
1e5eefe
Sun, 13 Mar 2022 14:04:30: 
 exercises.c | 2 +-
 1 file changed, 1 insertion(+), 1 deletion(-)
In file included from test.c:5:
exercises.c: In function 'crearVector':
exercises.c:79:42: error: passing argument 1 of 'calloc' makes integer from pointer without a cast [-Werror=int-conversion]
   79 |    vector->datos = (int *) calloc (vector->datos, n * sizeof(int));
      |                                    ~~~~~~^~~~~~~
      |                                          |
      |                                          int *
In file included from test.c:2:
C:/msys64/mingw64/x86_64-w64-mingw32/include/stdlib.h:535:31: note: expected 'size_t' {aka 'long long unsigned int'} but argument is of type 'int *'
  535 |   void *__cdecl calloc(size_t _NumOfElements,size_t _SizeOfElements);
      |                        ~~~~~~~^~~~~~~~~~~~~~
test.c: At top level:
test.c:8:8: error: '_strdup' redeclared without dllimport attribute: previous dllimport ignored [-Werror=attributes]
    8 | char * _strdup(const char * str) {
      |        ^~~~~~~
test.c: In function 'test_suma_n':
test.c:97:5: error: implicit declaration of function 'sumaNultimos' [-Werror=implicit-function-declaration]
   97 |     sumaNultimos(a, 10, m, res);
      |     ^~~~~~~~~~~~
In file included from test.c:5:
test.c: In function 'crearPersona':
exercises.c:58:18: error: 'arreglo' is used uninitialized in this function [-Werror=uninitialized]
   58 |    strcpy(arreglo->nombre, nombre);
      |           ~~~~~~~^~~~~~~~
cc1.exe: all warnings being treated as errors
Compilation failed
3d80e83
Sun, 13 Mar 2022 14:06:24: 
 exercises.c | 2 +-
 1 file changed, 1 insertion(+), 1 deletion(-)
test.c:8:8: error: '_strdup' redeclared without dllimport attribute: previous dllimport ignored [-Werror=attributes]
    8 | char * _strdup(const char * str) {
      |        ^~~~~~~
test.c: In function 'test_suma_n':
test.c:97:5: error: implicit declaration of function 'sumaNultimos' [-Werror=implicit-function-declaration]
   97 |     sumaNultimos(a, 10, m, res);
      |     ^~~~~~~~~~~~
In file included from test.c:5:
test.c: In function 'crearPersona':
exercises.c:58:18: error: 'arreglo' is used uninitialized in this function [-Werror=uninitialized]
   58 |    strcpy(arreglo->nombre, nombre);
      |           ~~~~~~~^~~~~~~~
cc1.exe: all warnings being treated as errors
Compilation failed
acf3893
Sun, 13 Mar 2022 14:07:21: 
test.c:8:8: error: '_strdup' redeclared without dllimport attribute: previous dllimport ignored [-Werror=attributes]
    8 | char * _strdup(const char * str) {
      |        ^~~~~~~
test.c: In function 'test_suma_n':
test.c:97:5: error: implicit declaration of function 'sumaNultimos' [-Werror=implicit-function-declaration]
   97 |     sumaNultimos(a, 10, m, res);
      |     ^~~~~~~~~~~~
In file included from test.c:5:
test.c: In function 'crearPersona':
exercises.c:58:18: error: 'arreglo' is used uninitialized in this function [-Werror=uninitialized]
   58 |    strcpy(arreglo->nombre, nombre);
      |           ~~~~~~~^~~~~~~~
cc1.exe: all warnings being treated as errors
Compilation failed
50463d9
Sun, 13 Mar 2022 14:07:57: 
 exercises.c | 2 +-
 1 file changed, 1 insertion(+), 1 deletion(-)
test.c:8:8: error: '_strdup' redeclared without dllimport attribute: previous dllimport ignored [-Werror=attributes]
    8 | char * _strdup(const char * str) {
      |        ^~~~~~~
In file included from test.c:5:
test.c: In function 'crearPersona':
exercises.c:58:18: error: 'arreglo' is used uninitialized in this function [-Werror=uninitialized]
   58 |    strcpy(arreglo->nombre, nombre);
      |           ~~~~~~~^~~~~~~~
cc1.exe: all warnings being treated as errors
Compilation failed
ff26d4f
Sun, 13 Mar 2022 14:09:15: 
 exercises.c | 2 +-
 1 file changed, 1 insertion(+), 1 deletion(-)
test.c:8:8: error: '_strdup' redeclared without dllimport attribute: previous dllimport ignored [-Werror=attributes]
    8 | char * _strdup(const char * str) {
      |        ^~~~~~~
cc1.exe: all warnings being treated as errors
Compilation failed
002912e
Sun, 13 Mar 2022 15:24:38: 
test.c:8:8: error: '_strdup' redeclared without dllimport attribute: previous dllimport ignored [-Werror=attributes]
    8 | char * _strdup(const char * str) {
      |        ^~~~~~~
cc1.exe: all warnings being treated as errors
Compilation failed
9a470f1
Sun, 13 Mar 2022 15:24:54: 
test.c:8:8: error: '_strdup' redeclared without dllimport attribute: previous dllimport ignored [-Werror=attributes]
    8 | char * _strdup(const char * str) {
      |        ^~~~~~~
cc1.exe: all warnings being treated as errors
Compilation failed
9ae374e
Sun, 13 Mar 2022 15:26:54: 
 tests:  0|0
102b80e
Sun, 13 Mar 2022 15:33:43: 
 exercises.c | 2 +-
 1 file changed, 1 insertion(+), 1 deletion(-)
In file included from test.c:5:
exercises.c: In function 'crearPersona':
exercises.c:57:24: error: 'Vector' undeclared (first use in this function)
   57 |    Persona *arreglo = (Vector *) malloc (sizeof(Vector));
      |                        ^~~~~~
exercises.c:57:24: note: each undeclared identifier is reported only once for each function it appears in
exercises.c:57:32: error: expected expression before ')' token
   57 |    Persona *arreglo = (Vector *) malloc (sizeof(Vector));
      |                                ^
Compilation failed
56d596c
Sun, 13 Mar 2022 15:34:07: 
 exercises.c | 2 +-
 1 file changed, 1 insertion(+), 1 deletion(-)
 tests:  2|5
total_score: 20/70
9297adf
Sun, 13 Mar 2022 15:56:09: 
 exercises.c | 2 +-
 1 file changed, 1 insertion(+), 1 deletion(-)
In file included from test.c:5:
exercises.c: In function 'asignarValor':
exercises.c:90:11: error: incompatible types when assigning to type 'Vector' from type 'int'
   90 |    v[i] = valor;
      |           ^~~~~
Compilation failed
f53e745
Sun, 13 Mar 2022 15:59:44: 
 exercises.c | 2 +-
 1 file changed, 1 insertion(+), 1 deletion(-)
In file included from test.c:5:
exercises.c: In function 'asignarValor':
exercises.c:90:15: error: assignment to 'int *' from 'int' makes pointer from integer without a cast [-Werror=int-conversion]
   90 |    v[i].datos = valor;
      |               ^
cc1.exe: all warnings being treated as errors
Compilation failed
06076f3
Sun, 13 Mar 2022 15:59:55: 
 exercises.c | 2 +-
 1 file changed, 1 insertion(+), 1 deletion(-)
 tests:  0|0
5a2eaa5
Sun, 13 Mar 2022 16:00:22: 
 exercises.c | 2 +-
 1 file changed, 1 insertion(+), 1 deletion(-)
In file included from test.c:5:
exercises.c: In function 'asignarValor':
exercises.c:90:4: error: invalid type argument of unary '*' (have 'int')
   90 |    *v[i].datos[i] = valor;
      |    ^~~~~~~~~~~~~~
Compilation failed
7f908ec
Sun, 13 Mar 2022 16:00:33: 
 exercises.c | 2 +-
 1 file changed, 1 insertion(+), 1 deletion(-)
 tests:  0|0
23202ad
Sun, 13 Mar 2022 16:01:15: 
 exercises.c | 2 +-
 1 file changed, 1 insertion(+), 1 deletion(-)
 tests:  2|5
total_score: 20/70
bdd66e9
Sun, 13 Mar 2022 16:04:32: 
 exercises.c | 2 +-
 1 file changed, 1 insertion(+), 1 deletion(-)
In file included from test.c:5:
exercises.c: In function 'asignarValor':
exercises.c:90:11: error: passing argument 1 of 'strcpy' makes pointer from integer without a cast [-Werror=int-conversion]
   90 |    strcpy(*v[i].datos, valor);
      |           ^~~~~~~~~~~
      |           |
      |           int
In file included from test.c:3:
C:/msys64/mingw64/x86_64-w64-mingw32/include/string.h:61:45: note: expected 'char * restrict' but argument is of type 'int'
   61 |   char * __cdecl strcpy(char * __restrict__ _Dest,const char * __restrict__ _Source);
      |                         ~~~~~~~~~~~~~~~~~~~~^~~~~
In file included from test.c:5:
exercises.c:90:24: error: passing argument 2 of 'strcpy' makes pointer from integer without a cast [-Werror=int-conversion]
   90 |    strcpy(*v[i].datos, valor);
      |                        ^~~~~
      |                        |
      |                        int
In file included from test.c:3:
C:/msys64/mingw64/x86_64-w64-mingw32/include/string.h:61:77: note: expected 'const char * restrict' but argument is of type 'int'
   61 |   char * __cdecl strcpy(char * __restrict__ _Dest,const char * __restrict__ _Source);
      |                                                   ~~~~~~~~~~~~~~~~~~~~~~~~~~^~~~~~~
cc1.exe: all warnings being treated as errors
Compilation failed
6f4ef0c
Sun, 13 Mar 2022 16:08:16: 
 exercises.c | 2 +-
 1 file changed, 1 insertion(+), 1 deletion(-)
In file included from test.c:5:
exercises.c: In function 'asignarValor':
exercises.c:90:19: error: passing argument 1 of 'strcpy' makes pointer from integer without a cast [-Werror=int-conversion]
   90 |    strcpy(v->datos[i], valor);
      |           ~~~~~~~~^~~
      |                   |
      |                   int
In file included from test.c:3:
C:/msys64/mingw64/x86_64-w64-mingw32/include/string.h:61:45: note: expected 'char * restrict' but argument is of type 'int'
   61 |   char * __cdecl strcpy(char * __restrict__ _Dest,const char * __restrict__ _Source);
      |                         ~~~~~~~~~~~~~~~~~~~~^~~~~
In file included from test.c:5:
exercises.c:90:24: error: passing argument 2 of 'strcpy' makes pointer from integer without a cast [-Werror=int-conversion]
   90 |    strcpy(v->datos[i], valor);
      |                        ^~~~~
      |                        |
      |                        int
In file included from test.c:3:
C:/msys64/mingw64/x86_64-w64-mingw32/include/string.h:61:77: note: expected 'const char * restrict' but argument is of type 'int'
   61 |   char * __cdecl strcpy(char * __restrict__ _Dest,const char * __restrict__ _Source);
      |                                                   ~~~~~~~~~~~~~~~~~~~~~~~~~~^~~~~~~
cc1.exe: all warnings being treated as errors
Compilation failed
974a742
Sun, 13 Mar 2022 16:11:54: 
 exercises.c | 2 +-
 1 file changed, 1 insertion(+), 1 deletion(-)
 tests:  2|5
total_score: 20/70
a8b1102
Sun, 13 Mar 2022 16:12:17: 
 exercises.c | 2 +-
 1 file changed, 1 insertion(+), 1 deletion(-)
 tests:  2|5
total_score: 20/70
32b7add
Sun, 13 Mar 2022 16:13:48: 
 exercises.c | 4 ++--
 1 file changed, 2 insertions(+), 2 deletions(-)
 tests:  4|4
total_score: 30/70
bf4350c
Sun, 13 Mar 2022 16:17:56: 
 exercises.c | 5 +++++
 1 file changed, 5 insertions(+)
In file included from test.c:5:
exercises.c: In function 'sumaV':
exercises.c:109:24: error: passing argument 1 of 'strlen' from incompatible pointer type [-Werror=incompatible-pointer-types]
  109 |    int lenght = strlen(a);
      |                        ^
      |                        |
      |                        Vector *
In file included from test.c:3:
C:/msys64/mingw64/x86_64-w64-mingw32/include/string.h:64:37: note: expected 'const char *' but argument is of type 'Vector *'
   64 |   size_t __cdecl strlen(const char *_Str);
      |                         ~~~~~~~~~~~~^~~~
In file included from test.c:5:
exercises.c:112:19: error: invalid operands to binary + (have 'Vector' and 'Vector')
  112 |       c[i] = a[i] + b[i];
      |              ~~~~ ^ ~~~~
      |               |      |
      |               Vector Vector
cc1.exe: all warnings being treated as errors
Compilation failed
decda62
Sun, 13 Mar 2022 16:22:09: 
 exercises.c | 2 +-
 1 file changed, 1 insertion(+), 1 deletion(-)
In file included from test.c:5:
exercises.c: In function 'sumaV':
exercises.c:109:24: error: passing argument 1 of 'strlen' from incompatible pointer type [-Werror=incompatible-pointer-types]
  109 |    int lenght = strlen(a);
      |                        ^
      |                        |
      |                        Vector *
In file included from test.c:3:
C:/msys64/mingw64/x86_64-w64-mingw32/include/string.h:64:37: note: expected 'const char *' but argument is of type 'Vector *'
   64 |   size_t __cdecl strlen(const char *_Str);
      |                         ~~~~~~~~~~~~^~~~
cc1.exe: all warnings being treated as errors
Compilation failed
1d6328c
Sun, 13 Mar 2022 16:22:31: 
 exercises.c | 2 +-
 1 file changed, 1 insertion(+), 1 deletion(-)
In file included from test.c:5:
exercises.c: In function 'sumaV':
exercises.c:109:25: error: passing argument 1 of 'strlen' from incompatible pointer type [-Werror=incompatible-pointer-types]
  109 |    int lenght = strlen(a->datos);
      |                        ~^~~~~~~
      |                         |
      |                         int *
In file included from test.c:3:
C:/msys64/mingw64/x86_64-w64-mingw32/include/string.h:64:37: note: expected 'const char *' but argument is of type 'int *'
   64 |   size_t __cdecl strlen(const char *_Str);
      |                         ~~~~~~~~~~~~^~~~
cc1.exe: all warnings being treated as errors
Compilation failed
50ea98e
Sun, 13 Mar 2022 18:00:08: 
 exercises.c | 3 ++-
 1 file changed, 2 insertions(+), 1 deletion(-)
In file included from test.c:5:
exercises.c: In function 'sumaV':
exercises.c:110:25: error: passing argument 1 of 'strlen' from incompatible pointer type [-Werror=incompatible-pointer-types]
  110 |    int lenght = strlen(a->datos);
      |                        ~^~~~~~~
      |                         |
      |                         int *
In file included from test.c:3:
C:/msys64/mingw64/x86_64-w64-mingw32/include/string.h:64:37: note: expected 'const char *' but argument is of type 'int *'
   64 |   size_t __cdecl strlen(const char *_Str);
      |                         ~~~~~~~~~~~~^~~~
cc1.exe: all warnings being treated as errors
Compilation failed
c1a681b
Sun, 13 Mar 2022 18:02:45: 
 exercises.c | 2 +-
 1 file changed, 1 insertion(+), 1 deletion(-)
In file included from test.c:5:
exercises.c: In function 'sumaV':
exercises.c:110:26: error: division 'sizeof (Vector *) / sizeof (Vector)' does not compute the number of array elements [-Werror=sizeof-pointer-div]
  110 |    int lenght = sizeof a / sizeof *a;
      |                          ^
exercises.c:108:21: note: first 'sizeof' operand was declared here
  108 | void sumaV(Vector * a, Vector * b, Vector * c) {
      |            ~~~~~~~~~^
cc1.exe: all warnings being treated as errors
Compilation failed
9b7d221
Sun, 13 Mar 2022 18:03:14: 
 exercises.c | 2 +-
 1 file changed, 1 insertion(+), 1 deletion(-)
In file included from test.c:5:
exercises.c: In function 'sumaV':
exercises.c:110:33: error: division 'sizeof (int *) / sizeof (int)' does not compute the number of array elements [-Werror=sizeof-pointer-div]
  110 |    int lenght = sizeof a->datos / sizeof *a->datos;
      |                                 ^
cc1.exe: all warnings being treated as errors
Compilation failed
04dbb30
Sun, 13 Mar 2022 18:04:28: 
 exercises.c | 2 +-
 1 file changed, 1 insertion(+), 1 deletion(-)
In file included from test.c:5:
exercises.c: In function 'sumaV':
exercises.c:110:34: error: division 'sizeof (int *) / sizeof (int)' does not compute the number of array elements [-Werror=sizeof-pointer-div]
  110 |    int lenght = sizeof(a->datos) / sizeof (*a->datos);
      |                                  ^
cc1.exe: all warnings being treated as errors
Compilation failed
3c0559b
Sun, 13 Mar 2022 18:05:03: 
 exercises.c | 2 +-
 1 file changed, 1 insertion(+), 1 deletion(-)
In file included from test.c:5:
exercises.c: In function 'sumaV':
exercises.c:110:34: error: division 'sizeof (int *) / sizeof (int)' does not compute the number of array elements [-Werror=sizeof-pointer-div]
  110 |    int lenght = sizeof(a->datos) / sizeof (a->datos[0]);
      |                                  ^
cc1.exe: all warnings being treated as errors
Compilation failed
d38f813
